#
# There is insufficient memory for the Java Runtime Environment to continue.
# Native memory allocation (malloc) failed to allocate 1048576 bytes for AllocateHeap
# Possible reasons:
#   The system is out of physical RAM or swap space
#   The process is running with CompressedOops enabled, and the Java Heap may be blocking the growth of the native heap
# Possible solutions:
#   Reduce memory load on the system
#   Increase physical memory or swap space
#   Check if swap backing store is full
#   Decrease Java heap size (-Xmx/-Xms)
#   Decrease number of Java threads
#   Decrease Java thread stack sizes (-Xss)
#   Set larger code cache with -XX:ReservedCodeCacheSize=
#   JVM is running with Zero Based Compressed Oops mode in which the Java heap is
#     placed in the first 32GB address space. The Java Heap base address is the
#     maximum limit for the native heap growth. Please use -XX:HeapBaseMinAddress
#     to set the Java Heap base and to place the Java Heap above 32GB virtual address.
# This output file may be truncated or incomplete.
#
#  Out of Memory Error (memory/allocation.inline.hpp:61), pid=21948, tid=0x0000000000003b98
#
# JRE version:  (8.0_251-b08) (build )
# Java VM: Java HotSpot(TM) 64-Bit Server VM (25.251-b08 mixed mode windows-amd64 compressed oops)
# Failed to write core dump. Minidumps are not enabled by default on client versions of Windows
#

---------------  T H R E A D  ---------------

Current thread (0x0000000000e9e000):  JavaThread "Unknown thread" [_thread_in_vm, id=15256, stack(0x00000000012f0000,0x00000000013f0000)]

Stack: [0x00000000012f0000,0x00000000013f0000]
[error occurred during error reporting (printing stack bounds), id 0xc0000005]

Native frames: (J=compiled Java code, j=interpreted, Vv=VM code, C=native code)


---------------  P R O C E S S  ---------------

Java Threads: ( => current thread )

Other Threads:

=>0x0000000000e9e000 (exited) JavaThread "Unknown thread" [_thread_in_vm, id=15256, stack(0x00000000012f0000,0x00000000013f0000)]

VM state:not at safepoint (normal execution)

VM Mutex/Monitor currently owned by a thread: None

heap address: 0x00000006c0400000, size: 4092 MB, Compressed Oops mode: Zero based, Oop shift amount: 3
Narrow klass base: 0x0000000000000000, Narrow klass shift: 3
Compressed class space size: 1073741824 Address: 0x00000007c0000000

Heap:
 PSYoungGen      total 76288K, used 1310K [0x000000076ac00000, 0x0000000770100000, 0x00000007c0000000)
  eden space 65536K, 2% used [0x000000076ac00000,0x000000076ad47af0,0x000000076ec00000)
  from space 10752K, 0% used [0x000000076f680000,0x000000076f680000,0x0000000770100000)
  to   space 10752K, 0% used [0x000000076ec00000,0x000000076ec00000,0x000000076f680000)
 ParOldGen       total 175104K, used 0K [0x00000006c0400000, 0x00000006caf00000, 0x000000076ac00000)
  object space 175104K, 0% used [0x00000006c0400000,0x00000006c0400000,0x00000006caf00000)
 Metaspace       used 752K, capacity 4480K, committed 4480K, reserved 1056768K
  class space    used 76K, capacity 384K, committed 384K, reserved 1048576K

Card table byte_map: [0x0000000012070000,0x0000000012870000] byte_map_base: 0x000000000ea6e000

Marking Bits: (ParMarkBitMap*) 0x0000000054e4af90
 Begin Bits: [0x00000000135d0000, 0x00000000175c0000)
 End Bits:   [0x00000000175c0000, 0x000000001b5b0000)

Polling page: 0x0000000000e70000

CodeCache: size=245760Kb used=328Kb max_used=328Kb free=245431Kb
 bounds [0x0000000002cb0000, 0x0000000002f20000, 0x0000000011cb0000]
 total_blobs=58 nmethods=0 adapters=38
 compilation: enabled

Compilation events (0 events):
No events

GC Heap History (0 events):
No events

Deoptimization events (0 events):
No events

Classes redefined (0 events):
No events

Internal exceptions (0 events):
No events

Events (10 events):
Event: 0.024 loading class java/lang/Short
Event: 0.024 loading class java/lang/Short done
Event: 0.024 loading class java/lang/Integer
Event: 0.025 loading class java/lang/Integer done
Event: 0.025 loading class java/lang/Long
Event: 0.025 loading class java/lang/Long done
Event: 0.025 loading class java/lang/NullPointerException
Event: 0.025 loading class java/lang/NullPointerException done
Event: 0.025 loading class java/lang/ArithmeticException
Event: 0.025 loading class java/lang/ArithmeticException done


Dynamic libraries:
0x00007ff6e18e0000 - 0x00007ff6e1917000 	C:\Program Files\Java\jre1.8.0_251\bin\javaw.exe
0x00007ffb7f000000 - 0x00007ffb7f1f0000 	C:\WINDOWS\SYSTEM32\ntdll.dll
0x00007ffb7e400000 - 0x00007ffb7e4b2000 	C:\WINDOWS\System32\KERNEL32.DLL
0x00007ffb7cd20000 - 0x00007ffb7cfc5000 	C:\WINDOWS\System32\KERNELBASE.dll
0x00007ffb7d3a0000 - 0x00007ffb7d443000 	C:\WINDOWS\System32\ADVAPI32.dll
0x00007ffb7ee70000 - 0x00007ffb7ef0e000 	C:\WINDOWS\System32\msvcrt.dll
0x00007ffb7d4d0000 - 0x00007ffb7d567000 	C:\WINDOWS\System32\sechost.dll
0x00007ffb7d570000 - 0x00007ffb7d690000 	C:\WINDOWS\System32\RPCRT4.dll
0x00007ffb7d0c0000 - 0x00007ffb7d254000 	C:\WINDOWS\System32\USER32.dll
0x00007ffb7d020000 - 0x00007ffb7d041000 	C:\WINDOWS\System32\win32u.dll
0x00007ffb7e670000 - 0x00007ffb7e696000 	C:\WINDOWS\System32\GDI32.dll
0x00007ffb7cae0000 - 0x00007ffb7cc76000 	C:\WINDOWS\System32\gdi32full.dll
0x00007ffb7ca40000 - 0x00007ffb7cade000 	C:\WINDOWS\System32\msvcp_win.dll
0x00007ffb7bfc0000 - 0x00007ffb7c0ba000 	C:\WINDOWS\System32\ucrtbase.dll
0x00007ffb6a770000 - 0x00007ffb6a9f4000 	C:\WINDOWS\WinSxS\amd64_microsoft.windows.common-controls_6595b64144ccf1df_6.0.18362.1139_none_9e7bf2d3e4605ac6\COMCTL32.dll
0x00007ffb7ea60000 - 0x00007ffb7ed95000 	C:\WINDOWS\System32\combase.dll
0x00007ffb7cca0000 - 0x00007ffb7cd20000 	C:\WINDOWS\System32\bcryptPrimitives.dll
0x00007ffb7df60000 - 0x00007ffb7df8e000 	C:\WINDOWS\System32\IMM32.DLL
0x0000000054540000 - 0x0000000054612000 	C:\Program Files\Java\jre1.8.0_251\bin\msvcr100.dll
0x0000000054620000 - 0x0000000054ecb000 	C:\Program Files\Java\jre1.8.0_251\bin\server\jvm.dll
0x00007ffb7e830000 - 0x00007ffb7e838000 	C:\WINDOWS\System32\PSAPI.DLL
0x00007ffb69090000 - 0x00007ffb69099000 	C:\WINDOWS\SYSTEM32\WSOCK32.dll
0x00007ffb78b50000 - 0x00007ffb78b74000 	C:\WINDOWS\SYSTEM32\WINMM.dll
0x00007ffb759e0000 - 0x00007ffb759ea000 	C:\WINDOWS\SYSTEM32\VERSION.dll
0x00007ffb7e910000 - 0x00007ffb7e97f000 	C:\WINDOWS\System32\WS2_32.dll
0x00007ffb78b20000 - 0x00007ffb78b4d000 	C:\WINDOWS\SYSTEM32\winmmbase.dll
0x00007ffb7cfd0000 - 0x00007ffb7d01a000 	C:\WINDOWS\System32\cfgmgr32.dll
0x00007ffb78560000 - 0x00007ffb7856f000 	C:\Program Files\Java\jre1.8.0_251\bin\verify.dll
0x00007ffb5e7e0000 - 0x00007ffb5e809000 	C:\Program Files\Java\jre1.8.0_251\bin\java.dll
0x00007ffb714d0000 - 0x00007ffb714e6000 	C:\Program Files\Java\jre1.8.0_251\bin\zip.dll

VM Arguments:
jvm_args: -Dfile.encoding=Cp1252 
java_command: exercise2.Client
java_class_path (initial): C:\Users\Patrick\Desktop\University Masters Program\Course Information\Fall2020\ENSF607\Lab\ensf607lab6\Lab6\bin
Launcher Type: SUN_STANDARD

Environment Variables:
JAVA_HOME=C:\Users\Patrick\Desktop\University Masters Program\WindowsX64JDK\jdk8u252-b09\bin
PATH=C:/Program Files/Java/jre1.8.0_251/bin/server;C:/Program Files/Java/jre1.8.0_251/bin;C:/Program Files/Java/jre1.8.0_251/lib/amd64;C:\Program Files (x86)\Common Files\Oracle\Java\javapath;C:\Users\Patrick\Desktop\University Masters Program\WindowsX64JDK\jdk8u252-b09\bin;C:\WINDOWS\system32;C:\WINDOWS;C:\WINDOWS\System32\Wbem;C:\WINDOWS\System32\WindowsPowerShell\v1.0\;C:\Program Files (x86)\ATI Technologies\ATI.ACE\Core-Static;C:\Program Files (x86)\Common Files\Acronis\SnapAPI\;C:\Program Files (x86)\MKVToolNix;C:\WINDOWS\System32\OpenSSH\;C:\Program Files (x86)\NVIDIA Corporation\PhysX\Common;C:\Program Files\NVIDIA Corporation\NVIDIA NvDLISR;C:\WINDOWS\system32;C:\WINDOWS;C:\WINDOWS\System32\Wbem;C:\WINDOWS\System32\WindowsPowerShell\v1.0\;C:\WINDOWS\System32\OpenSSH\;C:\Program Files\Git\cmd;C:\Users\Patrick\Desktop\University Masters Program\WindowsX64JDK\jdk8u252-b09\bin\bin;C:\Users\Patrick\anaconda3\Scripts;C:\Users\Patrick\anaconda3;C:\Users\Patrick\anaconda3\Library\bin;C:\cygwin64\bin;C:\Program Files\MySQL\MySQL Shell 8.0\bin\;C:\Users\Patrick\AppData\Local\Microsoft\WindowsApps;C:\Users\Patrick\AppData\Local\Programs\Microsoft VS Code\bin;C:\MinGW\bin;C:\cygwin64\bin;;C:\Users\Patrick\eclipse\java-2020-03\eclipse;
USERNAME=Patrick
OS=Windows_NT
PROCESSOR_IDENTIFIER=Intel64 Family 6 Model 42 Stepping 7, GenuineIntel



---------------  S Y S T E M  ---------------

OS: Windows 10.0 , 64 bit Build 18362 (10.0.18362.1110)

CPU:total 8 (initial active 8) (4 cores per cpu, 2 threads per core) family 6 model 42 stepping 7, cmov, cx8, fxsr, mmx, sse, sse2, sse3, ssse3, sse4.1, sse4.2, popcnt, avx, clmul, ht, tsc, tscinvbit

Memory: 4k page, physical 16757020k(7056824k free), swap 16757020k(5276k free)

vm_info: Java HotSpot(TM) 64-Bit Server VM (25.251-b08) for windows-amd64 JRE (1.8.0_251-b08), built on Mar 12 2020 06:31:49 by "" with MS VC++ 10.0 (VS2010)

time: Thu Nov 05 08:14:14 2020
timezone: Mountain Standard Time
elapsed time: 0 seconds (0d 0h 0m 0s)

